TN:
SF:src/app.js
FN:19,(anonymous_0)
FNF:1
FNH:1
FNDA:2,(anonymous_0)
DA:1,2
DA:2,2
DA:3,2
DA:4,2
DA:5,2
DA:6,2
DA:8,2
DA:10,2
DA:14,2
DA:15,2
DA:17,2
DA:19,2
DA:20,2
DA:23,2
DA:25,2
LF:15
LH:15
BRF:0
BRH:0
end_of_record
TN:
SF:src/controllers/productsController.js
FN:3,(anonymous_0)
FN:12,(anonymous_1)
FN:24,(anonymous_2)
FN:34,(anonymous_3)
FNF:4
FNH:4
FNDA:4,(anonymous_0)
FNDA:6,(anonymous_1)
FNDA:3,(anonymous_2)
FNDA:3,(anonymous_3)
DA:1,2
DA:3,2
DA:4,4
DA:5,4
DA:6,2
DA:8,2
DA:12,2
DA:13,6
DA:14,6
DA:15,4
DA:16,2
DA:18,2
DA:20,2
DA:24,2
DA:25,3
DA:26,3
DA:27,3
DA:28,2
DA:30,1
DA:34,2
DA:35,3
DA:36,3
DA:37,2
DA:39,1
LF:24
LH:24
BRDA:15,0,0,2
BRDA:15,0,1,2
BRF:2
BRH:2
end_of_record
TN:
SF:src/middlewares/errorHandler.js
FN:1,(anonymous_0)
FNF:1
FNH:1
FNDA:6,(anonymous_0)
DA:1,2
DA:2,6
DA:3,6
LF:3
LH:3
BRDA:5,0,0,0
BRDA:5,0,1,6
BRF:2
BRH:1
end_of_record
TN:
SF:src/models/productModel.js
FN:6,getAll
FN:11,getById
FN:13,(anonymous_2)
FN:16,getByBrand
FN:18,(anonymous_4)
FN:21,getSamsungShowcaseProducts
FN:23,(anonymous_6)
FNF:7
FNH:7
FNDA:16,getAll
FNDA:6,getById
FNDA:4,(anonymous_2)
FNDA:6,getByBrand
FNDA:6,(anonymous_4)
FNDA:3,getSamsungShowcaseProducts
FNDA:3,(anonymous_6)
DA:1,2
DA:2,2
DA:4,2
DA:7,16
DA:8,10
DA:12,6
DA:13,4
DA:17,6
DA:18,6
DA:22,3
DA:23,2
DA:25,3
DA:26,3
DA:27,3
DA:28,3
DA:29,1
DA:30,1
DA:33,3
DA:34,3
DA:35,1
DA:36,1
DA:38,3
DA:51,2
LF:23
LH:23
BRDA:18,0,0,6
BRDA:18,0,1,6
BRDA:25,1,0,1
BRDA:25,1,1,2
BRDA:26,2,0,1
BRDA:26,2,1,2
BRDA:28,3,0,1
BRDA:28,3,1,2
BRDA:28,4,0,3
BRDA:28,4,1,1
BRDA:34,5,0,1
BRDA:34,5,1,2
BRDA:34,6,0,3
BRDA:34,6,1,1
BRDA:34,6,2,1
BRDA:39,7,0,1
BRDA:39,7,1,2
BRDA:39,8,0,3
BRDA:39,8,1,1
BRDA:45,9,0,1
BRDA:45,9,1,2
BRF:21
BRH:21
end_of_record
TN:
SF:src/routes/products.js
FNF:0
FNH:0
DA:1,2
DA:2,2
DA:3,2
DA:5,2
DA:6,2
DA:7,2
DA:8,2
DA:10,2
LF:8
LH:8
BRF:0
BRH:0
end_of_record
