TN:
SF:src/app.js
FN:19,(anonymous_0)
FNF:1
FNH:1
FNDA:2,(anonymous_0)
DA:1,2
DA:2,2
DA:3,2
DA:4,2
DA:5,2
DA:6,2
DA:8,2
DA:10,2
DA:14,2
DA:15,2
DA:17,2
DA:19,2
DA:20,2
DA:23,2
DA:25,2
LF:15
LH:15
BRF:0
BRH:0
end_of_record
TN:
SF:src/controllers/productsController.js
FN:3,(anonymous_0)
FN:12,(anonymous_1)
FNF:2
FNH:2
FNDA:3,(anonymous_0)
FNDA:5,(anonymous_1)
DA:1,2
DA:3,2
DA:4,3
DA:5,3
DA:6,2
DA:8,1
DA:12,2
DA:13,5
DA:14,5
DA:15,4
DA:16,2
DA:18,2
DA:20,1
LF:13
LH:13
BRDA:15,0,0,2
BRDA:15,0,1,2
BRF:2
BRH:2
end_of_record
TN:
SF:src/middlewares/errorHandler.js
FN:1,(anonymous_0)
FNF:1
FNH:1
FNDA:2,(anonymous_0)
DA:1,2
DA:2,2
DA:3,2
LF:3
LH:3
BRDA:5,0,0,0
BRDA:5,0,1,2
BRF:2
BRH:1
end_of_record
TN:
SF:src/models/productModel.js
FN:6,getAll
FN:11,getById
FN:13,(anonymous_2)
FNF:3
FNH:3
FNDA:8,getAll
FNDA:5,getById
FNDA:4,(anonymous_2)
DA:1,2
DA:2,2
DA:4,2
DA:7,8
DA:8,6
DA:12,5
DA:13,4
DA:16,2
LF:8
LH:8
BRF:0
BRH:0
end_of_record
TN:
SF:src/routes/products.js
FNF:0
FNH:0
DA:1,2
DA:2,2
DA:3,2
DA:5,2
DA:6,2
DA:8,2
LF:6
LH:6
BRF:0
BRH:0
end_of_record
